<?xml version="1.0" encoding="UTF-8"?>
<!-- Generated by org.testng.reporters.JUnitXMLReporter -->
<testsuite ignored="2" hostname="LAPTOP-P8997V13" failures="0" tests="2" name="Default test" time="4.356" errors="0" timestamp="2025-08-21T16:46:26 IST">
  <testcase classname="HttpMethods.Requests" name="createRequest" time="3.397"/>
  <testcase classname="HttpMethods.Requests" name="updateRequest" time="0.899"/>
  <testcase classname="HttpMethods.Requests" name="deleteRequest" time="0.0">
    <ignored/>
  </testcase> <!-- deleteRequest -->
  <testcase classname="HttpMethods.Requests" name="getRequest" time="0.0">
    <ignored/>
  </testcase> <!-- getRequest -->
</testsuite> <!-- Default test -->
