<?xml version="1.0" encoding="UTF-8"?>
<testng-results ignored="0" total="3" passed="3" failed="0" skipped="0">
  <reporter-output>
  </reporter-output>
  <suite started-at="2025-08-22T18:14:49 IST" name="Default suite" finished-at="2025-08-22T18:14:53 IST" duration-ms="4044">
    <groups>
    </groups>
    <test started-at="2025-08-22T18:14:49 IST" name="Default test" finished-at="2025-08-22T18:14:53 IST" duration-ms="4044">
      <class name="typesofpostrequest.postRequestWithHashMap">
        <test-method signature="hasmap()[pri:0, instance:typesofpostrequest.postRequestWithHashMap@121314f7]" started-at="2025-08-22T18:14:49 IST" name="hasmap" finished-at="2025-08-22T18:14:52 IST" duration-ms="3569" status="PASS">
          <reporter-output>
          </reporter-output>
        </test-method> <!-- hasmap -->
        <test-method signature="createRequest()[pri:0, instance:typesofpostrequest.postRequestWithHashMap@121314f7]" started-at="2025-08-22T18:14:52 IST" name="createRequest" finished-at="2025-08-22T18:14:53 IST" duration-ms="311" status="PASS">
          <reporter-output>
          </reporter-output>
        </test-method> <!-- createRequest -->
        <test-method signature="deleteRequest()[pri:0, instance:typesofpostrequest.postRequestWithHashMap@121314f7]" started-at="2025-08-22T18:14:53 IST" name="deleteRequest" finished-at="2025-08-22T18:14:53 IST" depends-on-methods="typesofpostrequest.postRequestWithHashMap.hasmap" duration-ms="69" status="PASS">
          <reporter-output>
          </reporter-output>
        </test-method> <!-- deleteRequest -->
      </class> <!-- typesofpostrequest.postRequestWithHashMap -->
    </test> <!-- Default test -->
  </suite> <!-- Default suite -->
</testng-results>
